{
  status: '500',
  path: '\\middlewares\\auth.middleware.js',
  level: 'error',
  message: 'Unauthorized',
  timestamp: '2024-04-08 08:16:47'
}
{
  status: '500',
  path: '\\middlewares\\auth.middleware.js',
  level: 'error',
  message: 'Unauthorized',
  timestamp: '2024-04-08 08:18:09'
}
{
  status: undefined,
  path: '\\utils\\message_broker\\rabbitmq.js',
  level: 'error',
  message: "Cannot read properties of undefined (reading 'consume')",
  timestamp: '2024-04-08 09:49:18'
}
{
  status: undefined,
  path: '\\utils\\message_broker\\rabbitmq.js',
  level: 'error',
  message: "Cannot read properties of undefined (reading 'consume')",
  timestamp: '2024-04-08 09:49:54'
}
{
  status: undefined,
  path: '\\utils\\message_broker\\rabbitmq.js',
  level: 'error',
  message: "Cannot read properties of undefined (reading 'consume')",
  timestamp: '2024-04-08 09:50:02'
}
{
  status: undefined,
  path: '\\utils\\message_broker\\rabbitmq.js',
  level: 'error',
  message: 'NOTIFICATION_QUEUE is not defined',
  timestamp: '2024-04-08 09:51:30'
}
{
  status: undefined,
  path: '\\controllers\\cart\\cart.controller.js',
  level: 'error',
  message: "Cannot read properties of null (reading 'items')",
  timestamp: '2024-04-08 10:39:22'
}
{
  status: '404',
  path: '\\controllers\\cart\\cart.controller.js',
  level: 'error',
  message: 'Cart not found',
  timestamp: '2024-04-08 10:49:03'
}
{
  status: '404',
  path: '\\controllers\\cart\\cart.controller.js',
  level: 'error',
  message: 'Cart is Empty',
  timestamp: '2024-04-08 10:49:34'
}
{
  status: undefined,
  path: '\\controllers\\cart\\cart.controller.js',
  level: 'error',
  message: "Cannot read properties of null (reading 'items')",
  timestamp: '2024-04-08 11:12:29'
}
{
  status: undefined,
  path: '\\controllers\\cart\\cart.controller.js',
  level: 'error',
  message: 'JWT_ACCESS_TOKEN_HEADER is not defined',
  timestamp: '2024-04-08 11:38:59'
}
{
  status: undefined,
  path: '\\controllers\\cart\\cart.controller.js',
  level: 'error',
  message: 'Request failed with status code 404',
  timestamp: '2024-04-08 11:39:30'
}
{
  status: undefined,
  path: '\\controllers\\cart\\cart.controller.js',
  level: 'error',
  message: 'Request failed with status code 404',
  timestamp: '2024-04-08 11:44:00'
}
{
  status: undefined,
  path: '\\controllers\\cart\\cart.controller.js',
  level: 'error',
  message: 'productId is not defined',
  timestamp: '2024-04-08 11:45:26'
}
{
  status: undefined,
  path: '\\controllers\\cart\\cart.controller.js',
  level: 'error',
  message: 'Request failed with status code 404',
  timestamp: '2024-04-08 11:46:11'
}
{
  status: undefined,
  path: '\\controllers\\cart\\cart.controller.js',
  level: 'error',
  message: 'Request failed with status code 404',
  timestamp: '2024-04-08 11:48:20'
}
{
  status: undefined,
  path: '\\controllers\\cart\\cart.controller.js',
  level: 'error',
  message: 'Request failed with status code 404',
  timestamp: '2024-04-08 11:48:40'
}
{
  status: '404',
  path: '\\controllers\\cart\\cart.controller.js',
  level: 'error',
  message: 'product does not exist',
  timestamp: '2024-04-08 11:51:20'
}
